<?xml version="1.0" ?>
<coverage version="7.13.5" timestamp="1774675454948" lines-valid="10099" lines-covered="8422" line-rate="0.8339" branches-valid="2438" branches-covered="1645" branch-rate="0.6747" complexity="0">
	<!-- Generated by coverage.py: https://coverage.readthedocs.io/en/7.13.5 -->
	<!-- Based on https://raw.githubusercontent.com/cobertura/web/master/htdocs/xml/coverage-04.dtd -->
	<sources>
		<source>/Users/christophermorley/Projects/slate-health/backend/app</source>
	</sources>
	<packages>
		<package name="." line-rate="0.9186" branch-rate="0.9" complexity="0">
			<classes>
				<class name="__init__.py" filename="__init__.py" complexity="0" line-rate="1" branch-rate="1">
					<methods/>
					<lines/>
				</class>
				<class name="config.py" filename="config.py" complexity="0" line-rate="1" branch-rate="1">
					<methods/>
					<lines>
						<line number="3" hits="1"/>
						<line number="5" hits="1"/>
						<line number="6" hits="1"/>
						<line number="8" hits="1"/>
						<line number="11" hits="1"/>
						<line number="14" hits="1"/>
						<line number="17" hits="1"/>
						<line number="25" hits="1"/>
						<line number="26" hits="1"/>
						<line number="29" hits="1"/>
						<line number="32" hits="1"/>
						<line number="35" hits="1"/>
						<line number="36" hits="1"/>
						<line number="39" hits="1"/>
						<line number="40" hits="1"/>
						<line number="41" hits="1"/>
						<line number="44" hits="1"/>
						<line number="45" hits="1"/>
						<line number="46" hits="1"/>
						<line number="49" hits="1"/>
						<line number="55" hits="1"/>
						<line number="61" hits="1"/>
						<line number="64" hits="1"/>
						<line number="67" hits="1"/>
						<line number="68" hits="1"/>
						<line number="69" hits="1"/>
						<line number="70" hits="1"/>
						<line number="71" hits="1"/>
						<line number="72" hits="1"/>
						<line number="75" hits="1"/>
						<line number="76" hits="1"/>
						<line number="77" hits="1"/>
						<line number="78" hits="1"/>
						<line number="79" hits="1"/>
						<line number="82" hits="1"/>
						<line number="83" hits="1"/>
						<line number="84" hits="1"/>
						<line number="85" hits="1"/>
						<line number="88" hits="1"/>
						<line number="89" hits="1"/>
						<line number="92" hits="1"/>
						<line number="93" hits="1"/>
						<line number="97" hits="1"/>
						<line number="98" hits="1"/>
						<line number="99" hits="1"/>
						<line number="102" hits="1"/>
						<line number="103" hits="1"/>
						<line number="105" hits="1" branch="true" condition-coverage="100% (2/2)"/>
						<line number="106" hits="1"/>
						<line number="111" hits="1"/>
						<line number="114" hits="1"/>
					</lines>
				</class>
				<class name="dependencies.py" filename="dependencies.py" complexity="0" line-rate="0.791" branch-rate="0.875">
					<methods/>
					<lines>
						<line number="3" hits="1"/>
						<line number="5" hits="1"/>
						<line number="6" hits="1"/>
						<line number="8" hits="1"/>
						<line number="15" hits="1"/>
						<line number="17" hits="1"/>
						<line number="19" hits="1"/>
						<line number="20" hits="1"/>
						<line number="24" hits="1"/>
						<line number="25" hits="1"/>
						<line number="28" hits="1"/>
						<line number="36" hits="1" branch="true" condition-coverage="100% (2/2)"/>
						<line number="37" hits="1"/>
						<line number="39" hits="1"/>
						<line number="40" hits="1"/>
						<line number="41" hits="1"/>
						<line number="43" hits="1"/>
						<line number="44" hits="1"/>
						<line number="45" hits="0"/>
						<line number="46" hits="1"/>
						<line number="47" hits="1"/>
						<line number="50" hits="1"/>
						<line number="52" hits="1"/>
						<line number="55" hits="1"/>
						<line number="58" hits="0"/>
						<line number="59" hits="0"/>
						<line number="62" hits="1"/>
						<line number="65" hits="0"/>
						<line number="66" hits="0"/>
						<line number="69" hits="1"/>
						<line number="83" hits="1" branch="true" condition-coverage="100% (2/2)"/>
						<line number="84" hits="1" branch="true" condition-coverage="100% (2/2)"/>
						<line number="86" hits="1"/>
						<line number="87" hits="1"/>
						<line number="88" hits="1"/>
						<line number="90" hits="1"/>
						<line number="98" hits="1" branch="true" condition-coverage="50% (1/2)" missing-branches="99"/>
						<line number="99" hits="0"/>
						<line number="108" hits="1"/>
						<line number="109" hits="1"/>
						<line number="112" hits="1"/>
						<line number="119" hits="1" branch="true" condition-coverage="100% (2/2)"/>
						<line number="120" hits="1"/>
						<line number="121" hits="1"/>
						<line number="126" hits="1"/>
						<line number="129" hits="1"/>
						<line number="136" hits="1" branch="true" condition-coverage="100% (2/2)"/>
						<line number="137" hits="1"/>
						<line number="140" hits="1"/>
						<line number="148" hits="1" branch="true" condition-coverage="50% (1/2)" missing-branches="150"/>
						<line number="149" hits="1"/>
						<line number="150" hits="1"/>
						<line number="151" hits="1"/>
						<line number="154" hits="1"/>
						<line number="162" hits="1" branch="true" condition-coverage="100% (2/2)"/>
						<line number="163" hits="1"/>
						<line number="164" hits="1"/>
						<line number="165" hits="1"/>
						<line number="168" hits="1"/>
						<line number="170" hits="0"/>
						<line number="171" hits="0"/>
						<line number="172" hits="0"/>
						<line number="173" hits="0"/>
						<line number="174" hits="0"/>
						<line number="175" hits="0"/>
						<line number="176" hits="0"/>
						<line number="177" hits="0"/>
					</lines>
				</class>
				<class name="main.py" filename="main.py" complexity="0" line-rate="1" branch-rate="1">
					<methods/>
					<lines>
						<line number="3" hits="1"/>
						<line number="4" hits="1"/>
						<line number="5" hits="1"/>
						<line number="7" hits="1"/>
						<line number="8" hits="1"/>
						<line number="9" hits="1"/>
						<line number="11" hits="1"/>
						<line number="12" hits="1"/>
						<line number="13" hits="1"/>
						<line number="19" hits="1"/>
						<line number="25" hits="1"/>
						<line number="26" hits="1"/>
						<line number="28" hits="1"/>
						<line number="31" hits="1"/>
						<line number="32" hits="1"/>
						<line number="34" hits="1"/>
						<line number="35" hits="1"/>
						<line number="36" hits="1"/>
						<line number="39" hits="1"/>
						<line number="43" hits="1"/>
						<line number="45" hits="1"/>
						<line number="53" hits="1"/>
						<line number="54" hits="1"/>
						<line number="56" hits="1"/>
						<line number="58" hits="1"/>
						<line number="59" hits="1"/>
						<line number="61" hits="1"/>
						<line number="62" hits="1"/>
						<line number="63" hits="1"/>
						<line number="64" hits="1"/>
						<line number="65" hits="1"/>
						<line number="66" hits="1"/>
						<line number="67" hits="1"/>
						<line number="69" hits="1"/>
						<line number="70" hits="1"/>
						<line number="80" hits="1"/>
						<line number="81" hits="1"/>
						<line number="87" hits="1"/>
						<line number="94" hits="1"/>
						<line number="97" hits="1"/>
						<line number="100" hits="1"/>
						<line number="101" hits="1"/>
						<line number="102" hits="1"/>
						<line number="103" hits="1"/>
						<line number="104" hits="1" branch="true" condition-coverage="100% (2/2)"/>
						<line number="105" hits="1"/>
						<line number="106" hits="1"/>
						<line number="108" hits="1"/>
						<line number="109" hits="1"/>
						<line number="113" hits="1"/>
						<line number="114" hits="1"/>
						<line number="118" hits="1"/>
						<line number="123" hits="1"/>
						<line number="126" hits="1"/>
					</lines>
				</class>
			</classes>
		</package>
		<package name="agents" line-rate="0.88" branch-rate="0.9167" complexity="0">
			<classes>
				<class name="__init__.py" filename="agents/__init__.py" complexity="0" line-rate="1" branch-rate="1">
					<methods/>
					<lines>
						<line number="3" hits="1"/>
						<line number="4" hits="1"/>
						<line number="5" hits="1"/>
						<line number="6" hits="1"/>
						<line number="7" hits="1"/>
						<line number="8" hits="1"/>
						<line number="9" hits="1"/>
						<line number="11" hits="1"/>
					</lines>
				</class>
				<class name="base.py" filename="agents/base.py" complexity="0" line-rate="0.8657" branch-rate="0.9167">
					<methods/>
					<lines>
						<line number="9" hits="1"/>
						<line number="11" hits="1"/>
						<line number="12" hits="1"/>
						<line number="13" hits="1"/>
						<line number="14" hits="1"/>
						<line number="15" hits="1"/>
						<line number="17" hits="1"/>
						<line number="19" hits="1"/>
						<line number="20" hits="1"/>
						<line number="21" hits="1"/>
						<line number="22" hits="1"/>
						<line number="29" hits="1"/>
						<line number="30" hits="1"/>
						<line number="32" hits="1"/>
						<line number="35" hits="1"/>
						<line number="49" hits="1"/>
						<line number="52" hits="1"/>
						<line number="55" hits="1"/>
						<line number="57" hits="1"/>
						<line number="63" hits="1"/>
						<line number="64" hits="1"/>
						<line number="65" hits="1"/>
						<line number="68" hits="1" branch="true" condition-coverage="100% (2/2)"/>
						<line number="69" hits="1"/>
						<line number="71" hits="1"/>
						<line number="72" hits="1"/>
						<line number="77" hits="0"/>
						<line number="79" hits="1"/>
						<line number="80" hits="1"/>
						<line number="86" hits="0"/>
						<line number="88" hits="1"/>
						<line number="94" hits="1"/>
						<line number="99" hits="1"/>
						<line number="101" hits="1"/>
						<line number="126" hits="1"/>
						<line number="128" hits="1"/>
						<line number="139" hits="1" branch="true" condition-coverage="100% (2/2)"/>
						<line number="140" hits="1"/>
						<line number="143" hits="1"/>
						<line number="145" hits="1"/>
						<line number="146" hits="1"/>
						<line number="147" hits="0"/>
						<line number="148" hits="0"/>
						<line number="154" hits="0"/>
						<line number="157" hits="1" branch="true" condition-coverage="100% (2/2)"/>
						<line number="158" hits="1"/>
						<line number="159" hits="1"/>
						<line number="161" hits="1"/>
						<line number="163" hits="1"/>
						<line number="165" hits="1"/>
						<line number="166" hits="1"/>
						<line number="167" hits="1" branch="true" condition-coverage="100% (2/2)"/>
						<line number="168" hits="1"/>
						<line number="178" hits="0"/>
						<line number="179" hits="0"/>
						<line number="181" hits="1"/>
						<line number="189" hits="1"/>
						<line number="190" hits="1"/>
						<line number="192" hits="1" branch="true" condition-coverage="100% (2/2)"/>
						<line number="193" hits="1"/>
						<line number="195" hits="1"/>
						<line number="196" hits="1"/>
						<line number="197" hits="1"/>
						<line number="198" hits="1" branch="true" condition-coverage="50% (1/2)" missing-branches="exit"/>
						<line number="199" hits="1"/>
						<line number="205" hits="0"/>
						<line number="206" hits="0"/>
					</lines>
				</class>
			</classes>
		</package>
		<package name="agents.claims" line-rate="0.9046" branch-rate="0.8113" complexity="0">
			<classes>
				<class name="__init__.py" filename="agents/claims/__init__.py" complexity="0" line-rate="1" branch-rate="1">
					<methods/>
					<lines>
						<line number="3" hits="1"/>
						<line number="5" hits="1"/>
					</lines>
				</class>
				<class name="graph.py" filename="agents/claims/graph.py" complexity="0" line-rate="0.9135" branch-rate="0.8">
					<methods/>
					<lines>
						<line number="11" hits="1"/>
						<line number="13" hits="1"/>
						<line number="14" hits="1"/>
						<line number="15" hits="1"/>
						<line number="16" hits="1"/>
						<line number="18" hits="1"/>
						<line number="19" hits="1"/>
						<line number="21" hits="1"/>
						<line number="22" hits="1"/>
						<line number="27" hits="1"/>
						<line number="28" hits="1"/>
						<line number="29" hits="1"/>
						<line number="30" hits="1"/>
						<line number="31" hits="1"/>
						<line number="33" hits="1"/>
						<line number="36" hits="1"/>
						<line number="42" hits="1"/>
						<line number="47" hits="1"/>
						<line number="48" hits="1"/>
						<line number="50" hits="1"/>
						<line number="51" hits="1"/>
						<line number="54" hits="1" branch="true" condition-coverage="100% (2/2)"/>
						<line number="55" hits="1"/>
						<line number="56" hits="1"/>
						<line number="57" hits="1"/>
						<line number="58" hits="1"/>
						<line number="66" hits="1"/>
						<line number="68" hits="1" branch="true" condition-coverage="100% (2/2)"/>
						<line number="69" hits="1"/>
						<line number="70" hits="1"/>
						<line number="71" hits="1"/>
						<line number="72" hits="1"/>
						<line number="80" hits="1"/>
						<line number="83" hits="1"/>
						<line number="84" hits="1"/>
						<line number="85" hits="1"/>
						<line number="88" hits="1"/>
						<line number="89" hits="1"/>
						<line number="92" hits="1"/>
						<line number="93" hits="1"/>
						<line number="95" hits="1" branch="true" condition-coverage="100% (2/2)"/>
						<line number="96" hits="1"/>
						<line number="97" hits="1"/>
						<line number="98" hits="1"/>
						<line number="99" hits="1" branch="true" condition-coverage="50% (1/2)" missing-branches="107"/>
						<line number="100" hits="1"/>
						<line number="101" hits="1" branch="true" condition-coverage="100% (2/2)"/>
						<line number="102" hits="1"/>
						<line number="104" hits="1"/>
						<line number="105" hits="1" branch="true" condition-coverage="100% (2/2)"/>
						<line number="106" hits="1"/>
						<line number="107" hits="1" branch="true" condition-coverage="100% (2/2)"/>
						<line number="108" hits="1"/>
						<line number="109" hits="1" branch="true" condition-coverage="50% (1/2)" missing-branches="110"/>
						<line number="110" hits="0"/>
						<line number="112" hits="1"/>
						<line number="113" hits="1" branch="true" condition-coverage="50% (1/2)" missing-branches="115"/>
						<line number="114" hits="1"/>
						<line number="115" hits="1"/>
						<line number="118" hits="1"/>
						<line number="119" hits="1"/>
						<line number="120" hits="1" branch="true" condition-coverage="100% (2/2)"/>
						<line number="121" hits="1"/>
						<line number="122" hits="1"/>
						<line number="127" hits="1"/>
						<line number="132" hits="1"/>
						<line number="138" hits="1"/>
						<line number="139" hits="1"/>
						<line number="140" hits="0"/>
						<line number="141" hits="0"/>
						<line number="145" hits="1"/>
						<line number="162" hits="1"/>
						<line number="165" hits="1"/>
						<line number="171" hits="1"/>
						<line number="172" hits="1"/>
						<line number="173" hits="1"/>
						<line number="175" hits="1"/>
						<line number="176" hits="1" branch="true" condition-coverage="100% (2/2)"/>
						<line number="177" hits="1"/>
						<line number="183" hits="1"/>
						<line number="184" hits="1"/>
						<line number="196" hits="1"/>
						<line number="199" hits="1"/>
						<line number="204" hits="1"/>
						<line number="205" hits="1"/>
						<line number="207" hits="1"/>
						<line number="209" hits="1" branch="true" condition-coverage="100% (2/2)"/>
						<line number="210" hits="1"/>
						<line number="211" hits="1"/>
						<line number="229" hits="1"/>
						<line number="230" hits="1"/>
						<line number="250" hits="1" branch="true" condition-coverage="50% (1/2)" missing-branches="251"/>
						<line number="251" hits="0"/>
						<line number="252" hits="0"/>
						<line number="254" hits="1"/>
						<line number="256" hits="1"/>
						<line number="268" hits="1"/>
						<line number="271" hits="1"/>
						<line number="277" hits="1"/>
						<line number="278" hits="1"/>
						<line number="280" hits="1"/>
						<line number="281" hits="1"/>
						<line number="287" hits="1"/>
						<line number="296" hits="1"/>
						<line number="299" hits="1"/>
						<line number="306" hits="1"/>
						<line number="307" hits="1"/>
						<line number="308" hits="1"/>
						<line number="311" hits="1"/>
						<line number="312" hits="1"/>
						<line number="322" hits="1"/>
						<line number="327" hits="1"/>
						<line number="328" hits="1"/>
						<line number="329" hits="1"/>
						<line number="331" hits="1"/>
						<line number="332" hits="1" branch="true" condition-coverage="50% (1/2)" missing-branches="335"/>
						<line number="333" hits="1"/>
						<line number="335" hits="1"/>
						<line number="337" hits="1"/>
						<line number="350" hits="1"/>
						<line number="353" hits="1"/>
						<line number="359" hits="1"/>
						<line number="360" hits="1"/>
						<line number="361" hits="1"/>
						<line number="362" hits="1"/>
						<line number="364" hits="1"/>
						<line number="389" hits="1"/>
						<line number="395" hits="1"/>
						<line number="398" hits="1"/>
						<line number="399" hits="1"/>
						<line number="400" hits="1" branch="true" condition-coverage="50% (1/2)" missing-branches="401"/>
						<line number="401" hits="0" branch="true" condition-coverage="0% (0/2)" missing-branches="400,402"/>
						<line number="402" hits="0"/>
						<line number="403" hits="0"/>
						<line number="406" hits="1" branch="true" condition-coverage="50% (1/2)" missing-branches="416"/>
						<line number="407" hits="1"/>
						<line number="408" hits="1"/>
						<line number="409" hits="1" branch="true" condition-coverage="100% (2/2)"/>
						<line number="410" hits="1"/>
						<line number="411" hits="1"/>
						<line number="412" hits="1" branch="true" condition-coverage="50% (1/2)" missing-branches="416"/>
						<line number="413" hits="1"/>
						<line number="416" hits="1" branch="true" condition-coverage="100% (2/2)"/>
						<line number="417" hits="1"/>
						<line number="418" hits="1"/>
						<line number="420" hits="1"/>
						<line number="423" hits="1" branch="true" condition-coverage="100% (2/2)"/>
						<line number="424" hits="1"/>
						<line number="425" hits="1"/>
						<line number="427" hits="1"/>
						<line number="435" hits="1"/>
						<line number="436" hits="1"/>
						<line number="437" hits="1" branch="true" condition-coverage="100% (2/2)"/>
						<line number="438" hits="1"/>
						<line number="439" hits="1"/>
						<line number="440" hits="1"/>
						<line number="441" hits="0"/>
						<line number="442" hits="0"/>
						<line number="443" hits="1" branch="true" condition-coverage="100% (2/2)"/>
						<line number="444" hits="1"/>
						<line number="450" hits="1" branch="true" condition-coverage="100% (2/2)"/>
						<line number="451" hits="1"/>
						<line number="453" hits="1"/>
						<line number="466" hits="1"/>
						<line number="469" hits="1"/>
						<line number="474" hits="1"/>
						<line number="475" hits="1"/>
						<line number="477" hits="1" branch="true" condition-coverage="100% (2/2)"/>
						<line number="478" hits="1"/>
						<line number="486" hits="1"/>
						<line number="488" hits="1"/>
						<line number="489" hits="1"/>
						<line number="491" hits="1"/>
						<line number="492" hits="1" branch="true" condition-coverage="100% (2/2)"/>
						<line number="494" hits="1"/>
						<line number="495" hits="1"/>
						<line number="497" hits="1"/>
						<line number="505" hits="1"/>
						<line number="507" hits="1"/>
						<line number="508" hits="1"/>
						<line number="509" hits="1"/>
						<line number="510" hits="1"/>
						<line number="513" hits="1"/>
						<line number="514" hits="1"/>
						<line number="515" hits="1" branch="true" condition-coverage="100% (2/2)"/>
						<line number="516" hits="1"/>
						<line number="517" hits="1"/>
						<line number="518" hits="1"/>
						<line number="523" hits="1"/>
						<line number="524" hits="1"/>
						<line number="529" hits="1"/>
						<line number="535" hits="1"/>
						<line number="536" hits="1"/>
						<line number="537" hits="0"/>
						<line number="538" hits="0"/>
						<line number="542" hits="1"/>
						<line number="558" hits="1"/>
						<line number="561" hits="1"/>
						<line number="570" hits="1"/>
						<line number="572" hits="1"/>
						<line number="573" hits="1"/>
						<line number="574" hits="1"/>
						<line number="576" hits="1"/>
						<line number="579" hits="1" branch="true" condition-coverage="50% (1/2)" missing-branches="580"/>
						<line number="580" hits="0"/>
						<line number="581" hits="0"/>
						<line number="582" hits="0"/>
						<line number="585" hits="1"/>
						<line number="586" hits="1"/>
						<line number="588" hits="1" branch="true" condition-coverage="100% (2/2)"/>
						<line number="589" hits="1"/>
						<line number="590" hits="1"/>
						<line number="591" hits="1" branch="true" condition-coverage="100% (2/2)"/>
						<line number="592" hits="1"/>
						<line number="595" hits="1"/>
						<line number="596" hits="1"/>
						<line number="597" hits="1"/>
						<line number="598" hits="1" branch="true" condition-coverage="100% (2/2)"/>
						<line number="599" hits="1"/>
						<line number="600" hits="1"/>
						<line number="601" hits="1"/>
						<line number="602" hits="0"/>
						<line number="603" hits="0"/>
						<line number="606" hits="1" branch="true" condition-coverage="100% (2/2)"/>
						<line number="607" hits="1"/>
						<line number="608" hits="1"/>
						<line number="609" hits="1" branch="true" condition-coverage="100% (2/2)"/>
						<line number="610" hits="1"/>
						<line number="612" hits="1" branch="true" condition-coverage="50% (1/2)" missing-branches="613"/>
						<line number="613" hits="0"/>
						<line number="614" hits="0" branch="true" condition-coverage="0% (0/2)" missing-branches="615,620"/>
						<line number="615" hits="0"/>
						<line number="620" hits="1"/>
						<line number="621" hits="1"/>
						<line number="622" hits="1"/>
						<line number="624" hits="1"/>
						<line number="637" hits="1"/>
						<line number="640" hits="1"/>
						<line number="642" hits="1"/>
						<line number="643" hits="1"/>
						<line number="645" hits="1"/>
						<line number="658" hits="1"/>
						<line number="670" hits="1"/>
						<line number="673" hits="1"/>
						<line number="675" hits="1"/>
						<line number="677" hits="1" branch="true" condition-coverage="100% (2/2)"/>
						<line number="678" hits="1"/>
						<line number="692" hits="1"/>
						<line number="706" hits="1"/>
						<line number="712" hits="1"/>
						<line number="714" hits="1" branch="true" condition-coverage="100% (2/2)"/>
						<line number="715" hits="1"/>
						<line number="716" hits="1" branch="true" condition-coverage="50% (1/2)" missing-branches="717"/>
						<line number="717" hits="0"/>
						<line number="718" hits="1"/>
						<line number="721" hits="1"/>
						<line number="723" hits="0"/>
						<line number="726" hits="1"/>
						<line number="728" hits="1" branch="true" condition-coverage="100% (2/2)"/>
						<line number="729" hits="1"/>
						<line number="730" hits="1"/>
						<line number="736" hits="1"/>
						<line number="752" hits="1"/>
						<line number="753" hits="1"/>
						<line number="755" hits="1"/>
						<line number="757" hits="1"/>
						<line number="759" hits="1"/>
						<line number="774" hits="1"/>
						<line number="776" hits="1"/>
						<line number="777" hits="1"/>
						<line number="786" hits="1"/>
						<line number="788" hits="1"/>
						<line number="790" hits="1"/>
						<line number="791" hits="1"/>
						<line number="792" hits="0"/>
						<line number="793" hits="0"/>
						<line number="797" hits="0"/>
						<line number="799" hits="1" branch="true" condition-coverage="50% (1/2)" missing-branches="800"/>
						<line number="800" hits="0"/>
						<line number="801" hits="0"/>
						<line number="803" hits="1"/>
						<line number="805" hits="1"/>
						<line number="819" hits="1"/>
						<line number="821" hits="1"/>
						<line number="822" hits="1"/>
						<line number="823" hits="1"/>
						<line number="824" hits="1"/>
						<line number="825" hits="1"/>
						<line number="826" hits="1"/>
						<line number="827" hits="1"/>
						<line number="828" hits="1"/>
						<line number="829" hits="1"/>
						<line number="830" hits="1"/>
						<line number="832" hits="1"/>
						<line number="834" hits="1"/>
						<line number="842" hits="1"/>
						<line number="843" hits="1"/>
						<line number="844" hits="1"/>
						<line number="845" hits="1"/>
						<line number="846" hits="1"/>
						<line number="847" hits="1"/>
						<line number="848" hits="1"/>
						<line number="853" hits="1"/>
						<line number="854" hits="1"/>
						<line number="856" hits="1"/>
						<line number="858" hits="1"/>
						<line number="875" hits="1"/>
						<line number="887" hits="1"/>
						<line number="892" hits="1"/>
						<line number="899" hits="1"/>
						<line number="904" hits="1"/>
						<line number="911" hits="1"/>
					</lines>
				</class>
				<class name="prompts.py" filename="agents/claims/prompts.py" complexity="0" line-rate="1" branch-rate="1">
					<methods/>
					<lines>
						<line number="3" hits="1"/>
						<line number="24" hits="1"/>
						<line number="47" hits="1"/>
						<line number="69" hits="1"/>
					</lines>
				</class>
				<class name="tools.py" filename="agents/claims/tools.py" complexity="0" line-rate="0.8681" branch-rate="0.8462">
					<methods/>
					<lines>
						<line number="3" hits="1"/>
						<line number="5" hits="1"/>
						<line number="6" hits="1"/>
						<line number="7" hits="1"/>
						<line number="9" hits="1"/>
						<line number="10" hits="1"/>
						<line number="17" hits="1"/>
						<line number="41" hits="1"/>
						<line number="65" hits="1"/>
						<line number="73" hits="1"/>
						<line number="74" hits="1"/>
						<line number="76" hits="1" branch="true" condition-coverage="100% (2/2)"/>
						<line number="77" hits="1"/>
						<line number="78" hits="1" branch="true" condition-coverage="100% (2/2)"/>
						<line number="79" hits="1"/>
						<line number="86" hits="1"/>
						<line number="87" hits="1" branch="true" condition-coverage="100% (2/2)"/>
						<line number="90" hits="1"/>
						<line number="97" hits="1"/>
						<line number="99" hits="1"/>
						<line number="105" hits="1"/>
						<line number="107" hits="1"/>
						<line number="116" hits="1"/>
						<line number="124" hits="1"/>
						<line number="125" hits="1"/>
						<line number="127" hits="1" branch="true" condition-coverage="100% (2/2)"/>
						<line number="128" hits="1"/>
						<line number="129" hits="1" branch="true" condition-coverage="100% (2/2)"/>
						<line number="130" hits="1"/>
						<line number="137" hits="1" branch="true" condition-coverage="100% (2/2)"/>
						<line number="140" hits="1"/>
						<line number="147" hits="1"/>
						<line number="149" hits="1"/>
						<line number="155" hits="1"/>
						<line number="157" hits="1"/>
						<line number="169" hits="1"/>
						<line number="195" hits="1" branch="true" condition-coverage="50% (1/2)" missing-branches="198"/>
						<line number="196" hits="1"/>
						<line number="198" hits="1" branch="true" condition-coverage="100% (2/2)"/>
						<line number="199" hits="1"/>
						<line number="201" hits="1" branch="true" condition-coverage="50% (1/2)" missing-branches="210"/>
						<line number="202" hits="1" branch="true" condition-coverage="100% (2/2)"/>
						<line number="203" hits="1"/>
						<line number="205" hits="1"/>
						<line number="210" hits="1"/>
						<line number="212" hits="1"/>
						<line number="213" hits="1"/>
						<line number="240" hits="1"/>
						<line number="246" hits="0"/>
						<line number="247" hits="0"/>
						<line number="253" hits="1"/>
						<line number="280" hits="1" branch="true" condition-coverage="100% (2/2)"/>
						<line number="281" hits="1"/>
						<line number="283" hits="1" branch="true" condition-coverage="50% (1/2)" missing-branches="284"/>
						<line number="284" hits="0"/>
						<line number="286" hits="1" branch="true" condition-coverage="50% (1/2)" missing-branches="287"/>
						<line number="287" hits="0"/>
						<line number="289" hits="1"/>
						<line number="291" hits="1"/>
						<line number="292" hits="1"/>
						<line number="321" hits="1"/>
						<line number="328" hits="0"/>
						<line number="329" hits="0"/>
						<line number="335" hits="1"/>
						<line number="337" hits="1"/>
						<line number="338" hits="1"/>
						<line number="339" hits="1"/>
						<line number="340" hits="0"/>
						<line number="341" hits="0"/>
						<line number="347" hits="1"/>
						<line number="361" hits="1"/>
						<line number="362" hits="1"/>
						<line number="363" hits="1"/>
						<line number="377" hits="1"/>
						<line number="382" hits="0"/>
						<line number="383" hits="0"/>
						<line number="386" hits="1"/>
						<line number="388" hits="1"/>
						<line number="389" hits="1"/>
						<line number="390" hits="1"/>
						<line number="391" hits="0"/>
						<line number="392" hits="0"/>
						<line number="398" hits="1"/>
						<line number="411" hits="1"/>
						<line number="434" hits="1"/>
						<line number="439" hits="1"/>
						<line number="442" hits="1"/>
						<line number="494" hits="1"/>
						<line number="502" hits="1"/>
						<line number="518" hits="1"/>
						<line number="520" hits="1"/>
					</lines>
				</class>
			</classes>
		</package>
		<package name="agents.compliance" line-rate="0.8662" branch-rate="0.8231" complexity="0">
			<classes>
				<class name="__init__.py" filename="agents/compliance/__init__.py" complexity="0" line-rate="1" branch-rate="1">
					<methods/>
					<lines>
						<line number="3" hits="1"/>
						<line number="5" hits="1"/>
					</lines>
				</class>
				<class name="graph.py" filename="agents/compliance/graph.py" complexity="0" line-rate="0.9418" branch-rate="0.75">
					<methods/>
					<lines>
						<line number="12" hits="1"/>
						<line number="14" hits="1"/>
						<line number="15" hits="1"/>
						<line number="16" hits="1"/>
						<line number="18" hits="1"/>
						<line number="19" hits="1"/>
						<line number="21" hits="1"/>
						<line number="22" hits="1"/>
						<line number="23" hits="1"/>
						<line number="32" hits="1"/>
						<line number="33" hits="1"/>
						<line number="34" hits="1"/>
						<line number="35" hits="1"/>
						<line number="37" hits="1"/>
						<line number="39" hits="1"/>
						<line number="45" hits="1"/>
						<line number="51" hits="1"/>
						<line number="52" hits="1"/>
						<line number="54" hits="1"/>
						<line number="55" hits="1"/>
						<line number="56" hits="1"/>
						<line number="57" hits="1"/>
						<line number="59" hits="1" branch="true" condition-coverage="100% (2/2)"/>
						<line number="60" hits="1"/>
						<line number="61" hits="1"/>
						<line number="62" hits="1"/>
						<line number="70" hits="1"/>
						<line number="72" hits="1" branch="true" condition-coverage="100% (2/2)"/>
						<line number="73" hits="1"/>
						<line number="74" hits="1"/>
						<line number="75" hits="1"/>
						<line number="83" hits="1"/>
						<line number="86" hits="1"/>
						<line number="87" hits="1"/>
						<line number="88" hits="1"/>
						<line number="90" hits="1" branch="true" condition-coverage="100% (2/2)"/>
						<line number="91" hits="1"/>
						<line number="92" hits="1"/>
						<line number="93" hits="1"/>
						<line number="101" hits="1"/>
						<line number="103" hits="1"/>
						<line number="104" hits="1" branch="true" condition-coverage="100% (2/2)"/>
						<line number="105" hits="1"/>
						<line number="106" hits="1"/>
						<line number="110" hits="1"/>
						<line number="111" hits="1"/>
						<line number="122" hits="1"/>
						<line number="124" hits="1"/>
						<line number="125" hits="1"/>
						<line number="126" hits="1"/>
						<line number="127" hits="1"/>
						<line number="128" hits="1"/>
						<line number="130" hits="1"/>
						<line number="143" hits="1"/>
						<line number="146" hits="1"/>
						<line number="152" hits="1"/>
						<line number="154" hits="1"/>
						<line number="160" hits="1"/>
						<line number="161" hits="1"/>
						<line number="162" hits="1"/>
						<line number="165" hits="1" branch="true" condition-coverage="50% (1/2)" missing-branches="170"/>
						<line number="166" hits="1"/>
						<line number="170" hits="1" branch="true" condition-coverage="50% (1/2)" missing-branches="171"/>
						<line number="171" hits="0"/>
						<line number="172" hits="0"/>
						<line number="174" hits="1"/>
						<line number="189" hits="1"/>
						<line number="192" hits="1"/>
						<line number="198" hits="1"/>
						<line number="199" hits="1"/>
						<line number="200" hits="1"/>
						<line number="202" hits="1"/>
						<line number="203" hits="1" branch="true" condition-coverage="100% (2/2)"/>
						<line number="204" hits="1"/>
						<line number="205" hits="1"/>
						<line number="207" hits="1"/>
						<line number="209" hits="1"/>
						<line number="223" hits="1"/>
						<line number="226" hits="1"/>
						<line number="231" hits="1"/>
						<line number="232" hits="1"/>
						<line number="234" hits="1"/>
						<line number="235" hits="1"/>
						<line number="237" hits="1"/>
						<line number="251" hits="1"/>
						<line number="254" hits="1"/>
						<line number="260" hits="1"/>
						<line number="262" hits="1"/>
						<line number="271" hits="1"/>
						<line number="275" hits="1"/>
						<line number="276" hits="1" branch="true" condition-coverage="50% (1/2)" missing-branches="280"/>
						<line number="277" hits="1"/>
						<line number="278" hits="1"/>
						<line number="280" hits="1"/>
						<line number="282" hits="1"/>
						<line number="297" hits="1"/>
						<line number="300" hits="1"/>
						<line number="305" hits="1"/>
						<line number="307" hits="1" branch="true" condition-coverage="100% (2/2)"/>
						<line number="308" hits="1"/>
						<line number="309" hits="1"/>
						<line number="310" hits="1"/>
						<line number="312" hits="1"/>
						<line number="313" hits="1"/>
						<line number="314" hits="1"/>
						<line number="316" hits="1"/>
						<line number="317" hits="1"/>
						<line number="318" hits="1"/>
						<line number="319" hits="1"/>
						<line number="322" hits="1" branch="true" condition-coverage="100% (2/2)"/>
						<line number="323" hits="1"/>
						<line number="324" hits="1"/>
						<line number="325" hits="1"/>
						<line number="328" hits="1" branch="true" condition-coverage="100% (2/2)"/>
						<line number="329" hits="1"/>
						<line number="330" hits="1"/>
						<line number="331" hits="1"/>
						<line number="334" hits="1"/>
						<line number="335" hits="1" branch="true" condition-coverage="50% (1/2)" missing-branches="336"/>
						<line number="336" hits="0"/>
						<line number="337" hits="0"/>
						<line number="338" hits="0"/>
						<line number="342" hits="1" branch="true" condition-coverage="50% (1/2)" missing-branches="350"/>
						<line number="343" hits="1"/>
						<line number="344" hits="1"/>
						<line number="345" hits="1"/>
						<line number="350" hits="1" branch="true" condition-coverage="50% (1/2)" missing-branches="351"/>
						<line number="351" hits="0"/>
						<line number="352" hits="0"/>
						<line number="357" hits="1"/>
						<line number="358" hits="1"/>
						<line number="359" hits="1"/>
						<line number="361" hits="1"/>
						<line number="374" hits="1"/>
						<line number="377" hits="1"/>
						<line number="379" hits="1"/>
						<line number="380" hits="1"/>
						<line number="382" hits="1"/>
						<line number="383" hits="1"/>
						<line number="393" hits="1"/>
						<line number="405" hits="1"/>
						<line number="408" hits="1"/>
						<line number="410" hits="1"/>
						<line number="412" hits="1" branch="true" condition-coverage="50% (1/2)" missing-branches="413"/>
						<line number="413" hits="0"/>
						<line number="414" hits="0"/>
						<line number="425" hits="1"/>
						<line number="437" hits="1"/>
						<line number="443" hits="1"/>
						<line number="445" hits="1" branch="true" condition-coverage="100% (2/2)"/>
						<line number="446" hits="1"/>
						<line number="447" hits="1"/>
						<line number="450" hits="1"/>
						<line number="452" hits="1" branch="true" condition-coverage="50% (1/2)" missing-branches="453"/>
						<line number="453" hits="0"/>
						<line number="454" hits="1"/>
						<line number="457" hits="1"/>
						<line number="459" hits="1" branch="true" condition-coverage="50% (1/2)" missing-branches="461"/>
						<line number="460" hits="1"/>
						<line number="461" hits="0"/>
						<line number="467" hits="1"/>
						<line number="481" hits="1"/>
						<line number="482" hits="1"/>
						<line number="484" hits="1"/>
						<line number="486" hits="1"/>
						<line number="488" hits="1"/>
						<line number="490" hits="1"/>
						<line number="492" hits="1"/>
						<line number="493" hits="1"/>
						<line number="494" hits="1"/>
						<line number="495" hits="1"/>
						<line number="496" hits="1"/>
						<line number="497" hits="1"/>
						<line number="498" hits="1"/>
						<line number="499" hits="1"/>
						<line number="501" hits="1"/>
						<line number="503" hits="1"/>
						<line number="508" hits="1"/>
						<line number="513" hits="1"/>
						<line number="514" hits="1"/>
						<line number="515" hits="1"/>
						<line number="516" hits="1"/>
						<line number="521" hits="1"/>
						<line number="522" hits="1"/>
						<line number="524" hits="1"/>
						<line number="526" hits="1"/>
						<line number="541" hits="1"/>
						<line number="549" hits="1"/>
						<line number="554" hits="1"/>
					</lines>
				</class>
				<class name="prompts.py" filename="agents/compliance/prompts.py" complexity="0" line-rate="1" branch-rate="1">
					<methods/>
					<lines>
						<line number="3" hits="1"/>
						<line number="23" hits="1"/>
						<line number="46" hits="1"/>
					</lines>
				</class>
				<class name="tools.py" filename="agents/compliance/tools.py" complexity="0" line-rate="0.8017" branch-rate="0.8511">
					<methods/>
					<lines>
						<line number="3" hits="1"/>
						<line number="5" hits="1"/>
						<line number="6" hits="1"/>
						<line number="8" hits="1"/>
						<line number="10" hits="1"/>
						<line number="13" hits="1"/>
						<line number="18" hits="1"/>
						<line number="110" hits="1"/>
						<line number="206" hits="1"/>
						<line number="305" hits="1"/>
						<line number="320" hits="1"/>
						<line number="322" hits="1" branch="true" condition-coverage="100% (2/2)"/>
						<line number="323" hits="1"/>
						<line number="335" hits="1" branch="true" condition-coverage="100% (2/2)"/>
						<line number="336" hits="1"/>
						<line number="339" hits="1" branch="true" condition-coverage="50% (1/2)" missing-branches="355"/>
						<line number="340" hits="1"/>
						<line number="341" hits="1" branch="true" condition-coverage="100% (2/2)"/>
						<line number="342" hits="1" branch="true" condition-coverage="50% (1/2)" missing-branches="341"/>
						<line number="343" hits="1"/>
						<line number="345" hits="1"/>
						<line number="355" hits="1" branch="true" condition-coverage="100% (2/2)"/>
						<line number="356" hits="1"/>
						<line number="357" hits="1" branch="true" condition-coverage="100% (2/2)"/>
						<line number="358" hits="1"/>
						<line number="359" hits="1" branch="true" condition-coverage="50% (1/2)" missing-branches="362"/>
						<line number="360" hits="1"/>
						<line number="362" hits="0"/>
						<line number="364" hits="1"/>
						<line number="365" hits="1" branch="true" condition-coverage="100% (2/2)"/>
						<line number="366" hits="1" branch="true" condition-coverage="100% (2/2)"/>
						<line number="367" hits="1"/>
						<line number="369" hits="1"/>
						<line number="378" hits="1"/>
						<line number="388" hits="1" branch="true" condition-coverage="50% (1/2)" missing-branches="390"/>
						<line number="390" hits="0"/>
						<line number="391" hits="0"/>
						<line number="392" hits="0"/>
						<line number="393" hits="0" branch="true" condition-coverage="0% (0/2)" missing-branches="394,398"/>
						<line number="394" hits="0"/>
						<line number="395" hits="0"/>
						<line number="396" hits="0"/>
						<line number="398" hits="0"/>
						<line number="399" hits="0"/>
						<line number="400" hits="0"/>
						<line number="401" hits="0"/>
						<line number="402" hits="0"/>
						<line number="403" hits="0"/>
						<line number="405" hits="1"/>
						<line number="406" hits="1"/>
						<line number="407" hits="0"/>
						<line number="408" hits="0"/>
						<line number="409" hits="0"/>
						<line number="412" hits="1"/>
						<line number="418" hits="1"/>
						<line number="419" hits="1"/>
						<line number="421" hits="1"/>
						<line number="428" hits="1" branch="true" condition-coverage="50% (1/2)" missing-branches="431"/>
						<line number="429" hits="1"/>
						<line number="431" hits="1"/>
						<line number="432" hits="1"/>
						<line number="434" hits="1" branch="true" condition-coverage="50% (1/2)" missing-branches="436"/>
						<line number="436" hits="0"/>
						<line number="438" hits="1"/>
						<line number="439" hits="1" branch="true" condition-coverage="100% (2/2)"/>
						<line number="440" hits="1"/>
						<line number="450" hits="1"/>
						<line number="453" hits="1"/>
						<line number="464" hits="1"/>
						<line number="466" hits="1"/>
						<line number="467" hits="1"/>
						<line number="469" hits="1"/>
						<line number="470" hits="0"/>
						<line number="471" hits="0"/>
						<line number="473" hits="1"/>
						<line number="474" hits="1" branch="true" condition-coverage="100% (2/2)"/>
						<line number="475" hits="1"/>
						<line number="476" hits="1"/>
						<line number="477" hits="1"/>
						<line number="479" hits="1"/>
						<line number="480" hits="1" branch="true" condition-coverage="100% (2/2)"/>
						<line number="481" hits="1"/>
						<line number="483" hits="1"/>
						<line number="484" hits="1" branch="true" condition-coverage="100% (2/2)"/>
						<line number="485" hits="1"/>
						<line number="490" hits="1" branch="true" condition-coverage="100% (2/2)"/>
						<line number="491" hits="1"/>
						<line number="497" hits="1"/>
						<line number="506" hits="1"/>
						<line number="509" hits="1"/>
						<line number="522" hits="1"/>
						<line number="523" hits="1"/>
						<line number="524" hits="1"/>
						<line number="526" hits="1" branch="true" condition-coverage="100% (2/2)"/>
						<line number="528" hits="1" branch="true" condition-coverage="100% (2/2)"/>
						<line number="529" hits="1"/>
						<line number="544" hits="1" branch="true" condition-coverage="100% (2/2)"/>
						<line number="545" hits="1"/>
						<line number="548" hits="1"/>
						<line number="556" hits="0"/>
						<line number="557" hits="0" branch="true" condition-coverage="0% (0/2)" missing-branches="558,616"/>
						<line number="558" hits="0"/>
						<line number="559" hits="0"/>
						<line number="562" hits="0"/>
						<line number="569" hits="0"/>
						<line number="578" hits="0"/>
						<line number="585" hits="0"/>
						<line number="595" hits="0"/>
						<line number="596" hits="0"/>
						<line number="597" hits="0" branch="true" condition-coverage="0% (0/2)" missing-branches="598,606"/>
						<line number="598" hits="0"/>
						<line number="599" hits="0"/>
						<line number="600" hits="0"/>
						<line number="601" hits="0"/>
						<line number="602" hits="0"/>
						<line number="603" hits="0"/>
						<line number="604" hits="0"/>
						<line number="606" hits="0"/>
						<line number="616" hits="0"/>
						<line number="625" hits="1"/>
						<line number="626" hits="1"/>
						<line number="634" hits="1"/>
						<line number="636" hits="1" branch="true" condition-coverage="50% (1/2)" missing-branches="651"/>
						<line number="637" hits="1"/>
						<line number="651" hits="1"/>
						<line number="656" hits="1"/>
						<line number="657" hits="1"/>
						<line number="673" hits="1"/>
						<line number="686" hits="1"/>
						<line number="688" hits="1"/>
						<line number="689" hits="1"/>
						<line number="690" hits="1"/>
						<line number="691" hits="1"/>
						<line number="692" hits="1"/>
						<line number="695" hits="1"/>
						<line number="696" hits="1" branch="true" condition-coverage="100% (2/2)"/>
						<line number="697" hits="1"/>
						<line number="698" hits="1"/>
						<line number="699" hits="0"/>
						<line number="700" hits="0"/>
						<line number="702" hits="1"/>
						<line number="704" hits="1" branch="true" condition-coverage="100% (2/2)"/>
						<line number="706" hits="1"/>
						<line number="708" hits="1"/>
						<line number="711" hits="1"/>
						<line number="712" hits="1"/>
						<line number="715" hits="1"/>
						<line number="717" hits="1"/>
						<line number="718" hits="1"/>
						<line number="719" hits="1"/>
						<line number="720" hits="1"/>
						<line number="722" hits="1" branch="true" condition-coverage="100% (2/2)"/>
						<line number="723" hits="1"/>
						<line number="724" hits="1"/>
						<line number="725" hits="1"/>
						<line number="726" hits="1"/>
						<line number="727" hits="1"/>
						<line number="730" hits="1"/>
						<line number="731" hits="1"/>
						<line number="732" hits="1" branch="true" condition-coverage="100% (2/2)"/>
						<line number="733" hits="1"/>
						<line number="734" hits="1" branch="true" condition-coverage="100% (2/2)"/>
						<line number="735" hits="1"/>
						<line number="737" hits="1"/>
						<line number="738" hits="1" branch="true" condition-coverage="100% (2/2)"/>
						<line number="739" hits="1"/>
						<line number="742" hits="1"/>
						<line number="743" hits="1" branch="true" condition-coverage="100% (2/2)"/>
						<line number="744" hits="1"/>
						<line number="745" hits="1"/>
						<line number="746" hits="1" branch="true" condition-coverage="100% (2/2)"/>
						<line number="748" hits="1" branch="true" condition-coverage="100% (2/2)"/>
						<line number="749" hits="1"/>
						<line number="750" hits="1" branch="true" condition-coverage="100% (2/2)"/>
						<line number="752" hits="1"/>
						<line number="758" hits="1"/>
						<line number="759" hits="1" branch="true" condition-coverage="50% (1/2)" missing-branches="760"/>
						<line number="760" hits="0"/>
						<line number="761" hits="0"/>
						<line number="763" hits="1"/>
						<line number="766" hits="1"/>
						<line number="769" hits="1"/>
						<line number="770" hits="1" branch="true" condition-coverage="100% (2/2)"/>
						<line number="771" hits="1"/>
						<line number="772" hits="1" branch="true" condition-coverage="100% (2/2)"/>
						<line number="773" hits="1"/>
						<line number="775" hits="1"/>
						<line number="776" hits="1" branch="true" condition-coverage="100% (2/2)"/>
						<line number="777" hits="1"/>
						<line number="778" hits="1"/>
						<line number="779" hits="1" branch="true" condition-coverage="100% (2/2)"/>
						<line number="780" hits="1"/>
						<line number="781" hits="0"/>
						<line number="782" hits="0"/>
						<line number="783" hits="1"/>
						<line number="785" hits="1" branch="true" condition-coverage="100% (2/2)"/>
						<line number="786" hits="1"/>
						<line number="788" hits="1"/>
						<line number="789" hits="1"/>
						<line number="790" hits="1" branch="true" condition-coverage="100% (2/2)"/>
						<line number="791" hits="1"/>
						<line number="792" hits="1"/>
						<line number="802" hits="1"/>
						<line number="803" hits="1"/>
						<line number="804" hits="1"/>
						<line number="805" hits="1"/>
						<line number="807" hits="1"/>
						<line number="822" hits="1"/>
						<line number="830" hits="1"/>
						<line number="831" hits="1"/>
						<line number="833" hits="1" branch="true" condition-coverage="100% (2/2)"/>
						<line number="834" hits="1" branch="true" condition-coverage="100% (2/2)"/>
						<line number="835" hits="1"/>
						<line number="843" hits="1" branch="true" condition-coverage="100% (2/2)"/>
						<line number="844" hits="1"/>
						<line number="852" hits="1"/>
						<line number="860" hits="1"/>
						<line number="873" hits="1"/>
						<line number="874" hits="1"/>
						<line number="877" hits="1"/>
						<line number="878" hits="1"/>
						<line number="881" hits="1"/>
						<line number="882" hits="1" branch="true" condition-coverage="100% (2/2)"/>
						<line number="883" hits="1"/>
						<line number="884" hits="1"/>
						<line number="895" hits="1"/>
						<line number="896" hits="1" branch="true" condition-coverage="100% (2/2)"/>
						<line number="897" hits="1"/>
						<line number="910" hits="1"/>
						<line number="924" hits="1"/>
						<line number="930" hits="1"/>
						<line number="932" hits="1"/>
					</lines>
				</class>
			</classes>
		</package>
		<package name="agents.credentialing" line-rate="0.944" branch-rate="0.8667" complexity="0">
			<classes>
				<class name="__init__.py" filename="agents/credentialing/__init__.py" complexity="0" line-rate="1" branch-rate="1">
					<methods/>
					<lines>
						<line number="3" hits="1"/>
						<line number="5" hits="1"/>
					</lines>
				</class>
				<class name="graph.py" filename="agents/credentialing/graph.py" complexity="0" line-rate="0.9479" branch-rate="0.8333">
					<methods/>
					<lines>
						<line number="11" hits="1"/>
						<line number="13" hits="1"/>
						<line number="14" hits="1"/>
						<line number="15" hits="1"/>
						<line number="17" hits="1"/>
						<line number="18" hits="1"/>
						<line number="20" hits="1"/>
						<line number="21" hits="1"/>
						<line number="22" hits="1"/>
						<line number="32" hits="1"/>
						<line number="33" hits="1"/>
						<line number="34" hits="1"/>
						<line number="35" hits="1"/>
						<line number="37" hits="1"/>
						<line number="39" hits="1"/>
						<line number="45" hits="1"/>
						<line number="51" hits="1"/>
						<line number="52" hits="1"/>
						<line number="53" hits="1"/>
						<line number="55" hits="1" branch="true" condition-coverage="100% (2/2)"/>
						<line number="56" hits="1"/>
						<line number="57" hits="1"/>
						<line number="58" hits="1"/>
						<line number="66" hits="1"/>
						<line number="69" hits="1"/>
						<line number="70" hits="1"/>
						<line number="73" hits="1"/>
						<line number="74" hits="1"/>
						<line number="77" hits="1" branch="true" condition-coverage="100% (2/2)"/>
						<line number="78" hits="1"/>
						<line number="88" hits="1" branch="true" condition-coverage="50% (1/2)" missing-branches="99"/>
						<line number="89" hits="1"/>
						<line number="90" hits="1"/>
						<line number="91" hits="1"/>
						<line number="92" hits="1"/>
						<line number="96" hits="1"/>
						<line number="97" hits="1"/>
						<line number="99" hits="1"/>
						<line number="112" hits="1"/>
						<line number="115" hits="1"/>
						<line number="121" hits="1"/>
						<line number="122" hits="1"/>
						<line number="123" hits="1"/>
						<line number="124" hits="1"/>
						<line number="127" hits="1"/>
						<line number="128" hits="1"/>
						<line number="129" hits="1"/>
						<line number="132" hits="1"/>
						<line number="133" hits="1"/>
						<line number="136" hits="1"/>
						<line number="137" hits="1"/>
						<line number="138" hits="1"/>
						<line number="141" hits="1"/>
						<line number="143" hits="1"/>
						<line number="150" hits="1"/>
						<line number="164" hits="1"/>
						<line number="167" hits="1"/>
						<line number="173" hits="1"/>
						<line number="174" hits="1"/>
						<line number="175" hits="1"/>
						<line number="176" hits="1"/>
						<line number="181" hits="1"/>
						<line number="182" hits="1"/>
						<line number="185" hits="1"/>
						<line number="186" hits="1"/>
						<line number="196" hits="1"/>
						<line number="209" hits="1"/>
						<line number="212" hits="1"/>
						<line number="218" hits="1"/>
						<line number="219" hits="1"/>
						<line number="221" hits="1"/>
						<line number="230" hits="1"/>
						<line number="232" hits="1"/>
						<line number="244" hits="1"/>
						<line number="247" hits="1"/>
						<line number="253" hits="1"/>
						<line number="254" hits="1"/>
						<line number="256" hits="1" branch="true" condition-coverage="100% (2/2)"/>
						<line number="258" hits="1"/>
						<line number="259" hits="1"/>
						<line number="262" hits="1"/>
						<line number="268" hits="1"/>
						<line number="273" hits="1"/>
						<line number="275" hits="1"/>
						<line number="287" hits="1"/>
						<line number="290" hits="1"/>
						<line number="298" hits="1"/>
						<line number="299" hits="1"/>
						<line number="301" hits="1" branch="true" condition-coverage="100% (2/2)"/>
						<line number="304" hits="1"/>
						<line number="311" hits="1"/>
						<line number="316" hits="1"/>
						<line number="325" hits="1"/>
						<line number="328" hits="1"/>
						<line number="334" hits="1"/>
						<line number="336" hits="1"/>
						<line number="337" hits="1"/>
						<line number="338" hits="1"/>
						<line number="341" hits="1"/>
						<line number="342" hits="1" branch="true" condition-coverage="50% (1/2)" missing-branches="362"/>
						<line number="343" hits="1"/>
						<line number="344" hits="1"/>
						<line number="346" hits="1"/>
						<line number="347" hits="1"/>
						<line number="348" hits="1" branch="true" condition-coverage="100% (2/2)"/>
						<line number="349" hits="1"/>
						<line number="358" hits="0"/>
						<line number="359" hits="0"/>
						<line number="362" hits="1"/>
						<line number="363" hits="1"/>
						<line number="364" hits="1"/>
						<line number="365" hits="1" branch="true" condition-coverage="100% (2/2)"/>
						<line number="366" hits="1"/>
						<line number="367" hits="1"/>
						<line number="369" hits="1"/>
						<line number="371" hits="1"/>
						<line number="372" hits="1"/>
						<line number="373" hits="1" branch="true" condition-coverage="50% (1/2)" missing-branches="385"/>
						<line number="374" hits="1"/>
						<line number="382" hits="0"/>
						<line number="383" hits="0"/>
						<line number="385" hits="1"/>
						<line number="387" hits="1"/>
						<line number="402" hits="1"/>
						<line number="405" hits="1"/>
						<line number="411" hits="1"/>
						<line number="413" hits="1" branch="true" condition-coverage="100% (2/2)"/>
						<line number="414" hits="1"/>
						<line number="415" hits="1"/>
						<line number="416" hits="1"/>
						<line number="418" hits="1"/>
						<line number="419" hits="1"/>
						<line number="420" hits="1"/>
						<line number="423" hits="1"/>
						<line number="424" hits="1"/>
						<line number="425" hits="1" branch="true" condition-coverage="100% (2/2)"/>
						<line number="426" hits="1"/>
						<line number="427" hits="1" branch="true" condition-coverage="50% (1/2)" missing-branches="428"/>
						<line number="428" hits="0"/>
						<line number="429" hits="0"/>
						<line number="432" hits="1"/>
						<line number="433" hits="1" branch="true" condition-coverage="100% (2/2)"/>
						<line number="434" hits="1"/>
						<line number="435" hits="1"/>
						<line number="436" hits="1"/>
						<line number="439" hits="1"/>
						<line number="440" hits="1" branch="true" condition-coverage="50% (1/2)" missing-branches="441"/>
						<line number="441" hits="0"/>
						<line number="442" hits="0"/>
						<line number="443" hits="0"/>
						<line number="445" hits="1" branch="true" condition-coverage="50% (1/2)" missing-branches="446"/>
						<line number="446" hits="0"/>
						<line number="447" hits="0"/>
						<line number="452" hits="1"/>
						<line number="453" hits="1"/>
						<line number="454" hits="1"/>
						<line number="456" hits="1"/>
						<line number="469" hits="1"/>
						<line number="472" hits="1"/>
						<line number="474" hits="1"/>
						<line number="475" hits="1"/>
						<line number="477" hits="1"/>
						<line number="493" hits="1"/>
						<line number="505" hits="1"/>
						<line number="508" hits="1"/>
						<line number="510" hits="1"/>
						<line number="512" hits="1" branch="true" condition-coverage="100% (2/2)"/>
						<line number="513" hits="1"/>
						<line number="541" hits="1"/>
						<line number="553" hits="1"/>
						<line number="559" hits="1"/>
						<line number="561" hits="1" branch="true" condition-coverage="100% (2/2)"/>
						<line number="562" hits="1"/>
						<line number="563" hits="1"/>
						<line number="566" hits="1"/>
						<line number="568" hits="1" branch="true" condition-coverage="100% (2/2)"/>
						<line number="569" hits="1"/>
						<line number="570" hits="1"/>
						<line number="576" hits="1"/>
						<line number="592" hits="1"/>
						<line number="593" hits="1"/>
						<line number="595" hits="1"/>
						<line number="597" hits="1"/>
						<line number="599" hits="1"/>
						<line number="601" hits="1"/>
						<line number="603" hits="1"/>
						<line number="604" hits="1"/>
						<line number="605" hits="1"/>
						<line number="606" hits="1"/>
						<line number="607" hits="1"/>
						<line number="608" hits="1"/>
						<line number="609" hits="1"/>
						<line number="610" hits="1"/>
						<line number="611" hits="1"/>
						<line number="612" hits="1"/>
						<line number="614" hits="1"/>
						<line number="616" hits="1"/>
						<line number="621" hits="1"/>
						<line number="622" hits="1"/>
						<line number="623" hits="1"/>
						<line number="624" hits="1"/>
						<line number="625" hits="1"/>
						<line number="626" hits="1"/>
						<line number="627" hits="1"/>
						<line number="632" hits="1"/>
						<line number="633" hits="1"/>
						<line number="635" hits="1"/>
						<line number="637" hits="1"/>
						<line number="654" hits="1"/>
						<line number="662" hits="1"/>
						<line number="667" hits="1"/>
					</lines>
				</class>
				<class name="prompts.py" filename="agents/credentialing/prompts.py" complexity="0" line-rate="1" branch-rate="1">
					<methods/>
					<lines>
						<line number="3" hits="1"/>
						<line number="22" hits="1"/>
						<line number="44" hits="1"/>
					</lines>
				</class>
				<class name="tools.py" filename="agents/credentialing/tools.py" complexity="0" line-rate="0.9362" branch-rate="0.9167">
					<methods/>
					<lines>
						<line number="3" hits="1"/>
						<line number="5" hits="1"/>
						<line number="6" hits="1"/>
						<line number="8" hits="1"/>
						<line number="10" hits="1"/>
						<line number="12" hits="1"/>
						<line number="15" hits="1"/>
						<line number="16" hits="1"/>
						<line number="17" hits="1"/>
						<line number="22" hits="1"/>
						<line number="46" hits="1"/>
						<line number="51" hits="1"/>
						<line number="84" hits="1"/>
						<line number="86" hits="1"/>
						<line number="87" hits="1" branch="true" condition-coverage="100% (2/2)"/>
						<line number="88" hits="1"/>
						<line number="93" hits="1"/>
						<line number="94" hits="1"/>
						<line number="97" hits="1"/>
						<line number="98" hits="1"/>
						<line number="104" hits="1"/>
						<line number="105" hits="1"/>
						<line number="106" hits="1" branch="true" condition-coverage="100% (2/2)"/>
						<line number="107" hits="1"/>
						<line number="117" hits="1"/>
						<line number="141" hits="1"/>
						<line number="148" hits="1" branch="true" condition-coverage="100% (2/2)"/>
						<line number="149" hits="1"/>
						<line number="154" hits="1"/>
						<line number="155" hits="1" branch="true" condition-coverage="100% (2/2)"/>
						<line number="156" hits="1"/>
						<line number="157" hits="1"/>
						<line number="158" hits="1"/>
						<line number="165" hits="1"/>
						<line number="166" hits="1"/>
						<line number="167" hits="1"/>
						<line number="168" hits="1" branch="true" condition-coverage="100% (2/2)"/>
						<line number="169" hits="1"/>
						<line number="174" hits="1"/>
						<line number="176" hits="1"/>
						<line number="177" hits="1"/>
						<line number="178" hits="1"/>
						<line number="182" hits="1"/>
						<line number="183" hits="0"/>
						<line number="184" hits="0"/>
						<line number="185" hits="0"/>
						<line number="189" hits="0"/>
						<line number="192" hits="1"/>
						<line number="196" hits="1"/>
						<line number="205" hits="1"/>
						<line number="213" hits="1"/>
						<line number="220" hits="1"/>
						<line number="230" hits="1" branch="true" condition-coverage="50% (1/2)" missing-branches="231"/>
						<line number="231" hits="0"/>
						<line number="234" hits="1"/>
						<line number="235" hits="1"/>
						<line number="236" hits="1"/>
						<line number="240" hits="1"/>
						<line number="266" hits="1"/>
						<line number="274" hits="1" branch="true" condition-coverage="100% (2/2)"/>
						<line number="275" hits="1"/>
						<line number="277" hits="1"/>
						<line number="290" hits="1"/>
						<line number="298" hits="1"/>
						<line number="306" hits="0"/>
						<line number="311" hits="1"/>
						<line number="317" hits="1"/>
						<line number="318" hits="1"/>
						<line number="320" hits="1"/>
						<line number="321" hits="1"/>
						<line number="333" hits="1"/>
						<line number="339" hits="1"/>
						<line number="340" hits="1"/>
						<line number="342" hits="1"/>
						<line number="343" hits="1"/>
						<line number="359" hits="1"/>
						<line number="370" hits="1"/>
						<line number="371" hits="1"/>
						<line number="373" hits="1"/>
						<line number="374" hits="1"/>
						<line number="375" hits="1"/>
						<line number="376" hits="1"/>
						<line number="378" hits="1"/>
						<line number="379" hits="1"/>
						<line number="380" hits="1"/>
						<line number="381" hits="1"/>
						<line number="384" hits="1"/>
						<line number="385" hits="1"/>
						<line number="386" hits="1"/>
						<line number="391" hits="1"/>
						<line number="392" hits="1"/>
						<line number="394" hits="1" branch="true" condition-coverage="100% (2/2)"/>
						<line number="395" hits="1"/>
						<line number="396" hits="1"/>
						<line number="397" hits="1"/>
						<line number="402" hits="1"/>
						<line number="403" hits="1"/>
						<line number="404" hits="1"/>
						<line number="416" hits="1"/>
						<line number="417" hits="1"/>
						<line number="418" hits="1"/>
						<line number="423" hits="1"/>
						<line number="424" hits="1"/>
						<line number="425" hits="1" branch="true" condition-coverage="50% (1/2)" missing-branches="426"/>
						<line number="426" hits="0"/>
						<line number="427" hits="1"/>
						<line number="428" hits="1"/>
						<line number="430" hits="1"/>
						<line number="442" hits="1"/>
						<line number="454" hits="1"/>
						<line number="460" hits="1"/>
						<line number="461" hits="1"/>
						<line number="463" hits="1" branch="true" condition-coverage="100% (2/2)"/>
						<line number="464" hits="1"/>
						<line number="468" hits="1"/>
						<line number="469" hits="0"/>
						<line number="470" hits="0"/>
						<line number="472" hits="1"/>
						<line number="473" hits="1"/>
						<line number="478" hits="1"/>
						<line number="481" hits="1"/>
						<line number="484" hits="1"/>
						<line number="487" hits="1"/>
						<line number="489" hits="1"/>
						<line number="492" hits="1"/>
						<line number="499" hits="1" branch="true" condition-coverage="100% (2/2)"/>
						<line number="500" hits="1"/>
						<line number="502" hits="1"/>
						<line number="505" hits="1"/>
						<line number="518" hits="1"/>
						<line number="519" hits="1"/>
						<line number="521" hits="1"/>
						<line number="537" hits="1"/>
						<line number="545" hits="1"/>
						<line number="554" hits="1" branch="true" condition-coverage="100% (2/2)"/>
						<line number="555" hits="1"/>
						<line number="561" hits="1"/>
						<line number="563" hits="1"/>
						<line number="564" hits="1"/>
						<line number="573" hits="1"/>
						<line number="575" hits="1"/>
					</lines>
				</class>
			</classes>
		</package>
		<package name="agents.eligibility" line-rate="0.9239" branch-rate="0.8125" complexity="0">
			<classes>
				<class name="__init__.py" filename="agents/eligibility/__init__.py" complexity="0" line-rate="1" branch-rate="1">
					<methods/>
					<lines>
						<line number="3" hits="1"/>
						<line number="5" hits="1"/>
					</lines>
				</class>
				<class name="graph.py" filename="agents/eligibility/graph.py" complexity="0" line-rate="0.9324" branch-rate="0.8077">
					<methods/>
					<lines>
						<line number="11" hits="1"/>
						<line number="13" hits="1"/>
						<line number="14" hits="1"/>
						<line number="15" hits="1"/>
						<line number="17" hits="1"/>
						<line number="18" hits="1"/>
						<line number="20" hits="1"/>
						<line number="21" hits="1"/>
						<line number="22" hits="1"/>
						<line number="23" hits="1"/>
						<line number="24" hits="1"/>
						<line number="25" hits="1"/>
						<line number="26" hits="1"/>
						<line number="28" hits="1"/>
						<line number="31" hits="1"/>
						<line number="37" hits="1"/>
						<line number="43" hits="1"/>
						<line number="44" hits="1"/>
						<line number="47" hits="1"/>
						<line number="48" hits="1"/>
						<line number="50" hits="1" branch="true" condition-coverage="100% (2/2)"/>
						<line number="51" hits="1"/>
						<line number="52" hits="1"/>
						<line number="53" hits="1"/>
						<line number="61" hits="1"/>
						<line number="64" hits="1"/>
						<line number="73" hits="1" branch="true" condition-coverage="100% (2/2)"/>
						<line number="74" hits="1"/>
						<line number="79" hits="1"/>
						<line number="92" hits="1"/>
						<line number="95" hits="1"/>
						<line number="101" hits="1"/>
						<line number="102" hits="1"/>
						<line number="103" hits="1"/>
						<line number="105" hits="1"/>
						<line number="106" hits="1" branch="true" condition-coverage="100% (2/2)"/>
						<line number="109" hits="1"/>
						<line number="115" hits="1"/>
						<line number="116" hits="1"/>
						<line number="128" hits="1"/>
						<line number="131" hits="1"/>
						<line number="136" hits="1"/>
						<line number="137" hits="1"/>
						<line number="140" hits="1"/>
						<line number="152" hits="1"/>
						<line number="154" hits="1"/>
						<line number="166" hits="1"/>
						<line number="169" hits="1"/>
						<line number="176" hits="1"/>
						<line number="177" hits="1"/>
						<line number="179" hits="1"/>
						<line number="180" hits="1"/>
						<line number="186" hits="1"/>
						<line number="195" hits="1"/>
						<line number="198" hits="1"/>
						<line number="205" hits="1"/>
						<line number="208" hits="1"/>
						<line number="209" hits="1"/>
						<line number="210" hits="1" branch="true" condition-coverage="50% (1/2)" missing-branches="211"/>
						<line number="211" hits="0" branch="true" condition-coverage="0% (0/2)" missing-branches="210,212"/>
						<line number="212" hits="0"/>
						<line number="213" hits="0"/>
						<line number="215" hits="1"/>
						<line number="217" hits="1"/>
						<line number="226" hits="1"/>
						<line number="229" hits="1"/>
						<line number="238" hits="1"/>
						<line number="243" hits="1"/>
						<line number="244" hits="1"/>
						<line number="245" hits="1"/>
						<line number="246" hits="1"/>
						<line number="249" hits="1" branch="true" condition-coverage="100% (2/2)"/>
						<line number="250" hits="1"/>
						<line number="251" hits="1"/>
						<line number="252" hits="1"/>
						<line number="255" hits="1"/>
						<line number="256" hits="1"/>
						<line number="259" hits="1"/>
						<line number="260" hits="1"/>
						<line number="261" hits="1" branch="true" condition-coverage="100% (2/2)"/>
						<line number="262" hits="1"/>
						<line number="263" hits="1"/>
						<line number="264" hits="1"/>
						<line number="267" hits="1" branch="true" condition-coverage="100% (2/2)"/>
						<line number="268" hits="1"/>
						<line number="269" hits="1"/>
						<line number="270" hits="1"/>
						<line number="273" hits="1" branch="true" condition-coverage="100% (2/2)"/>
						<line number="274" hits="1"/>
						<line number="275" hits="1" branch="true" condition-coverage="50% (1/2)" missing-branches="276"/>
						<line number="276" hits="0"/>
						<line number="281" hits="1"/>
						<line number="282" hits="1"/>
						<line number="283" hits="1"/>
						<line number="285" hits="1"/>
						<line number="298" hits="1"/>
						<line number="301" hits="1"/>
						<line number="307" hits="1"/>
						<line number="310" hits="1"/>
						<line number="313" hits="1"/>
						<line number="322" hits="1"/>
						<line number="334" hits="1"/>
						<line number="337" hits="1"/>
						<line number="339" hits="1"/>
						<line number="342" hits="1" branch="true" condition-coverage="100% (2/2)"/>
						<line number="343" hits="1"/>
						<line number="351" hits="1"/>
						<line number="363" hits="1"/>
						<line number="369" hits="1"/>
						<line number="375" hits="1" branch="true" condition-coverage="100% (2/2)"/>
						<line number="376" hits="1"/>
						<line number="377" hits="1"/>
						<line number="380" hits="1"/>
						<line number="382" hits="1" branch="true" condition-coverage="50% (1/2)" missing-branches="383"/>
						<line number="383" hits="0"/>
						<line number="384" hits="1"/>
						<line number="390" hits="1"/>
						<line number="405" hits="1"/>
						<line number="406" hits="1"/>
						<line number="408" hits="1"/>
						<line number="410" hits="1"/>
						<line number="412" hits="1"/>
						<line number="424" hits="1"/>
						<line number="427" hits="1"/>
						<line number="428" hits="1"/>
						<line number="429" hits="1"/>
						<line number="430" hits="1"/>
						<line number="431" hits="1"/>
						<line number="432" hits="1"/>
						<line number="433" hits="1"/>
						<line number="434" hits="1"/>
						<line number="437" hits="1"/>
						<line number="440" hits="1"/>
						<line number="445" hits="1"/>
						<line number="446" hits="1"/>
						<line number="447" hits="1"/>
						<line number="448" hits="1"/>
						<line number="450" hits="1"/>
						<line number="455" hits="1"/>
						<line number="456" hits="1"/>
						<line number="458" hits="1"/>
						<line number="460" hits="1"/>
						<line number="475" hits="1"/>
						<line number="487" hits="0"/>
						<line number="492" hits="0"/>
						<line number="499" hits="0"/>
						<line number="504" hits="0"/>
						<line number="511" hits="0"/>
					</lines>
				</class>
				<class name="prompts.py" filename="agents/eligibility/prompts.py" complexity="0" line-rate="1" branch-rate="1">
					<methods/>
					<lines>
						<line number="3" hits="1"/>
						<line number="22" hits="1"/>
						<line number="38" hits="1"/>
					</lines>
				</class>
				<class name="tools.py" filename="agents/eligibility/tools.py" complexity="0" line-rate="0.871" branch-rate="0.8333">
					<methods/>
					<lines>
						<line number="3" hits="1"/>
						<line number="5" hits="1"/>
						<line number="6" hits="1"/>
						<line number="8" hits="1"/>
						<line number="9" hits="1"/>
						<line number="12" hits="1"/>
						<line number="19" hits="1"/>
						<line number="20" hits="1" branch="true" condition-coverage="100% (2/2)"/>
						<line number="21" hits="1"/>
						<line number="22" hits="1" branch="true" condition-coverage="100% (2/2)"/>
						<line number="23" hits="1"/>
						<line number="24" hits="1" branch="true" condition-coverage="50% (1/2)" missing-branches="25"/>
						<line number="25" hits="0"/>
						<line number="27" hits="1"/>
						<line number="35" hits="1"/>
						<line number="49" hits="1"/>
						<line number="50" hits="1"/>
						<line number="51" hits="1"/>
						<line number="67" hits="1"/>
						<line number="72" hits="0"/>
						<line number="73" hits="0"/>
						<line number="76" hits="1"/>
						<line number="78" hits="1"/>
						<line number="79" hits="1"/>
						<line number="80" hits="0"/>
						<line number="81" hits="1"/>
						<line number="82" hits="1"/>
						<line number="85" hits="1"/>
						<line number="94" hits="1"/>
						<line number="103" hits="1"/>
						<line number="105" hits="1"/>
					</lines>
				</class>
			</classes>
		</package>
		<package name="agents.prior_auth" line-rate="0.8496" branch-rate="0.7191" complexity="0">
			<classes>
				<class name="__init__.py" filename="agents/prior_auth/__init__.py" complexity="0" line-rate="1" branch-rate="1">
					<methods/>
					<lines>
						<line number="3" hits="1"/>
						<line number="5" hits="1"/>
					</lines>
				</class>
				<class name="graph.py" filename="agents/prior_auth/graph.py" complexity="0" line-rate="0.9032" branch-rate="0.76">
					<methods/>
					<lines>
						<line number="13" hits="1"/>
						<line number="15" hits="1"/>
						<line number="16" hits="1"/>
						<line number="17" hits="1"/>
						<line number="19" hits="1"/>
						<line number="20" hits="1"/>
						<line number="22" hits="1"/>
						<line number="23" hits="1"/>
						<line number="24" hits="1"/>
						<line number="25" hits="1"/>
						<line number="26" hits="1"/>
						<line number="27" hits="1"/>
						<line number="28" hits="1"/>
						<line number="30" hits="1"/>
						<line number="33" hits="1"/>
						<line number="39" hits="1"/>
						<line number="45" hits="1"/>
						<line number="46" hits="1"/>
						<line number="48" hits="1"/>
						<line number="49" hits="1"/>
						<line number="50" hits="1"/>
						<line number="52" hits="1" branch="true" condition-coverage="100% (2/2)"/>
						<line number="53" hits="1"/>
						<line number="54" hits="1"/>
						<line number="55" hits="1"/>
						<line number="63" hits="1"/>
						<line number="67" hits="1"/>
						<line number="68" hits="1"/>
						<line number="69" hits="1"/>
						<line number="76" hits="1"/>
						<line number="77" hits="1"/>
						<line number="78" hits="1"/>
						<line number="81" hits="1"/>
						<line number="90" hits="1"/>
						<line number="95" hits="1"/>
						<line number="109" hits="1"/>
						<line number="112" hits="1"/>
						<line number="118" hits="1"/>
						<line number="119" hits="1"/>
						<line number="120" hits="1"/>
						<line number="121" hits="1"/>
						<line number="122" hits="1"/>
						<line number="124" hits="1"/>
						<line number="125" hits="1"/>
						<line number="131" hits="1"/>
						<line number="132" hits="1"/>
						<line number="140" hits="1"/>
						<line number="153" hits="1"/>
						<line number="156" hits="1"/>
						<line number="162" hits="1"/>
						<line number="163" hits="1"/>
						<line number="166" hits="1"/>
						<line number="167" hits="1"/>
						<line number="168" hits="1"/>
						<line number="184" hits="1"/>
						<line number="187" hits="1"/>
						<line number="188" hits="1"/>
						<line number="198" hits="1"/>
						<line number="200" hits="1"/>
						<line number="213" hits="1"/>
						<line number="216" hits="1"/>
						<line number="222" hits="1"/>
						<line number="223" hits="1"/>
						<line number="226" hits="1"/>
						<line number="227" hits="1"/>
						<line number="228" hits="1"/>
						<line number="231" hits="1"/>
						<line number="232" hits="1"/>
						<line number="233" hits="1"/>
						<line number="235" hits="1" branch="true" condition-coverage="100% (2/2)"/>
						<line number="236" hits="1"/>
						<line number="240" hits="1"/>
						<line number="242" hits="1" branch="true" condition-coverage="100% (2/2)"/>
						<line number="243" hits="1" branch="true" condition-coverage="50% (1/2)" missing-branches="244"/>
						<line number="244" hits="0"/>
						<line number="245" hits="1" branch="true" condition-coverage="50% (1/2)" missing-branches="254"/>
						<line number="247" hits="1"/>
						<line number="248" hits="1"/>
						<line number="249" hits="1" branch="true" condition-coverage="50% (1/2)" missing-branches="250"/>
						<line number="250" hits="0"/>
						<line number="252" hits="1"/>
						<line number="254" hits="0"/>
						<line number="256" hits="1"/>
						<line number="258" hits="1"/>
						<line number="270" hits="1"/>
						<line number="273" hits="1"/>
						<line number="279" hits="1"/>
						<line number="280" hits="1"/>
						<line number="281" hits="1"/>
						<line number="283" hits="1" branch="true" condition-coverage="100% (2/2)"/>
						<line number="285" hits="1"/>
						<line number="286" hits="1"/>
						<line number="295" hits="1"/>
						<line number="298" hits="1" branch="true" condition-coverage="50% (1/2)" missing-branches="307"/>
						<line number="299" hits="1"/>
						<line number="303" hits="1"/>
						<line number="304" hits="1"/>
						<line number="307" hits="1" branch="true" condition-coverage="100% (2/2)"/>
						<line number="309" hits="1"/>
						<line number="310" hits="1"/>
						<line number="321" hits="1"/>
						<line number="324" hits="1" branch="true" condition-coverage="100% (2/2)"/>
						<line number="325" hits="1"/>
						<line number="329" hits="1"/>
						<line number="330" hits="1"/>
						<line number="332" hits="1" branch="true" condition-coverage="50% (1/2)" missing-branches="334"/>
						<line number="334" hits="0"/>
						<line number="335" hits="0"/>
						<line number="345" hits="0"/>
						<line number="346" hits="0"/>
						<line number="351" hits="1" branch="true" condition-coverage="100% (2/2)"/>
						<line number="356" hits="1"/>
						<line number="357" hits="1"/>
						<line number="358" hits="1"/>
						<line number="364" hits="1"/>
						<line number="366" hits="1"/>
						<line number="367" hits="1"/>
						<line number="381" hits="1"/>
						<line number="384" hits="1"/>
						<line number="390" hits="1"/>
						<line number="391" hits="1"/>
						<line number="392" hits="1"/>
						<line number="394" hits="1"/>
						<line number="395" hits="1" branch="true" condition-coverage="50% (1/2)" missing-branches="396"/>
						<line number="396" hits="0"/>
						<line number="397" hits="0"/>
						<line number="405" hits="0"/>
						<line number="407" hits="1"/>
						<line number="408" hits="1"/>
						<line number="414" hits="1"/>
						<line number="415" hits="1"/>
						<line number="416" hits="1"/>
						<line number="418" hits="1"/>
						<line number="431" hits="1"/>
						<line number="434" hits="1"/>
						<line number="444" hits="1"/>
						<line number="445" hits="1"/>
						<line number="446" hits="1"/>
						<line number="447" hits="1"/>
						<line number="449" hits="1" branch="true" condition-coverage="100% (2/2)"/>
						<line number="450" hits="1"/>
						<line number="458" hits="1"/>
						<line number="460" hits="1"/>
						<line number="463" hits="1"/>
						<line number="466" hits="1"/>
						<line number="467" hits="1"/>
						<line number="474" hits="1"/>
						<line number="477" hits="1"/>
						<line number="485" hits="1"/>
						<line number="486" hits="1"/>
						<line number="489" hits="1"/>
						<line number="490" hits="1"/>
						<line number="497" hits="1"/>
						<line number="514" hits="1"/>
						<line number="517" hits="1"/>
						<line number="527" hits="1"/>
						<line number="528" hits="1"/>
						<line number="530" hits="1" branch="true" condition-coverage="100% (2/2)"/>
						<line number="531" hits="1"/>
						<line number="539" hits="1"/>
						<line number="541" hits="1"/>
						<line number="542" hits="1"/>
						<line number="543" hits="1"/>
						<line number="545" hits="1"/>
						<line number="551" hits="1"/>
						<line number="552" hits="1"/>
						<line number="566" hits="1"/>
						<line number="567" hits="1"/>
						<line number="570" hits="1"/>
						<line number="571" hits="1"/>
						<line number="578" hits="1"/>
						<line number="581" hits="1"/>
						<line number="582" hits="1"/>
						<line number="583" hits="1"/>
[...]
						<line number="475" hits="1"/>
						<line number="476" hits="1"/>
						<line number="480" hits="1"/>
						<line number="481" hits="1"/>
						<line number="482" hits="1"/>
						<line number="483" hits="1" branch="true" condition-coverage="50% (1/2)" missing-branches="484"/>
						<line number="484" hits="0" branch="true" condition-coverage="0% (0/2)" missing-branches="485,486"/>
						<line number="485" hits="0"/>
						<line number="486" hits="0" branch="true" condition-coverage="0% (0/2)" missing-branches="487,491"/>
						<line number="487" hits="0"/>
						<line number="488" hits="0"/>
						<line number="489" hits="0"/>
						<line number="490" hits="0"/>
						<line number="491" hits="1" branch="true" condition-coverage="50% (1/2)" missing-branches="492"/>
						<line number="492" hits="0" branch="true" condition-coverage="0% (0/2)" missing-branches="493,494"/>
						<line number="493" hits="0"/>
						<line number="494" hits="0" branch="true" condition-coverage="0% (0/2)" missing-branches="495,503"/>
						<line number="495" hits="0"/>
						<line number="496" hits="0"/>
						<line number="497" hits="0"/>
						<line number="498" hits="0"/>
						<line number="503" hits="1"/>
						<line number="504" hits="1" branch="true" condition-coverage="100% (2/2)"/>
						<line number="505" hits="1"/>
						<line number="506" hits="1"/>
						<line number="518" hits="1"/>
						<line number="526" hits="1"/>
						<line number="528" hits="1"/>
						<line number="530" hits="1"/>
						<line number="535" hits="0"/>
						<line number="536" hits="0"/>
						<line number="537" hits="0"/>
						<line number="539" hits="1" branch="true" condition-coverage="50% (1/2)" missing-branches="540"/>
						<line number="540" hits="0"/>
						<line number="542" hits="1"/>
						<line number="557" hits="1"/>
						<line number="558" hits="1"/>
						<line number="564" hits="0"/>
						<line number="565" hits="0"/>
						<line number="566" hits="0"/>
						<line number="567" hits="0"/>
						<line number="569" hits="0"/>
						<line number="571" hits="0"/>
						<line number="573" hits="0"/>
						<line number="578" hits="0"/>
						<line number="584" hits="0"/>
						<line number="595" hits="1"/>
						<line number="596" hits="1"/>
						<line number="605" hits="1"/>
						<line number="606" hits="1"/>
						<line number="607" hits="1"/>
						<line number="608" hits="1"/>
						<line number="609" hits="1"/>
						<line number="611" hits="1"/>
						<line number="613" hits="1"/>
						<line number="614" hits="1"/>
						<line number="619" hits="1"/>
						<line number="626" hits="1"/>
						<line number="634" hits="1"/>
						<line number="635" hits="1"/>
						<line number="640" hits="1"/>
						<line number="642" hits="1"/>
						<line number="648" hits="1"/>
						<line number="649" hits="1"/>
						<line number="664" hits="1"/>
						<line number="665" hits="1"/>
						<line number="672" hits="0"/>
						<line number="673" hits="0"/>
						<line number="676" hits="1"/>
						<line number="677" hits="1"/>
						<line number="686" hits="1"/>
						<line number="695" hits="1"/>
						<line number="706" hits="0"/>
						<line number="707" hits="0"/>
						<line number="709" hits="0"/>
						<line number="712" hits="0"/>
						<line number="728" hits="1"/>
						<line number="729" hits="1"/>
						<line number="736" hits="1"/>
						<line number="737" hits="1"/>
						<line number="739" hits="0"/>
						<line number="740" hits="0"/>
						<line number="741" hits="0"/>
						<line number="751" hits="0"/>
						<line number="757" hits="0" branch="true" condition-coverage="0% (0/2)" missing-branches="758,768"/>
						<line number="758" hits="0"/>
						<line number="768" hits="0"/>
						<line number="775" hits="0" branch="true" condition-coverage="0% (0/2)" missing-branches="776,784"/>
						<line number="776" hits="0"/>
						<line number="784" hits="0"/>
						<line number="790" hits="0" branch="true" condition-coverage="0% (0/2)" missing-branches="791,799"/>
						<line number="791" hits="0"/>
						<line number="799" hits="0"/>
						<line number="800" hits="0"/>
						<line number="801" hits="0"/>
						<line number="803" hits="0" branch="true" condition-coverage="0% (0/2)" missing-branches="808,884"/>
						<line number="808" hits="0"/>
						<line number="814" hits="0"/>
						<line number="815" hits="0" branch="true" condition-coverage="0% (0/2)" missing-branches="816,875"/>
						<line number="816" hits="0"/>
						<line number="817" hits="0"/>
						<line number="819" hits="0"/>
						<line number="832" hits="0"/>
						<line number="833" hits="0"/>
						<line number="836" hits="0" branch="true" condition-coverage="0% (0/2)" missing-branches="815,837"/>
						<line number="837" hits="0"/>
						<line number="838" hits="0"/>
						<line number="839" hits="0"/>
						<line number="841" hits="0" branch="true" condition-coverage="0% (0/2)" missing-branches="842,843"/>
						<line number="842" hits="0"/>
						<line number="843" hits="0" branch="true" condition-coverage="0% (0/2)" missing-branches="844,847"/>
						<line number="844" hits="0"/>
						<line number="847" hits="0" branch="true" condition-coverage="0% (0/2)" missing-branches="815,848"/>
						<line number="848" hits="0"/>
						<line number="860" hits="0"/>
						<line number="861" hits="0"/>
						<line number="862" hits="0"/>
						<line number="863" hits="0"/>
						<line number="864" hits="0"/>
						<line number="865" hits="0"/>
						<line number="866" hits="0"/>
						<line number="867" hits="0"/>
						<line number="872" hits="0"/>
						<line number="875" hits="0" branch="true" condition-coverage="0% (0/2)" missing-branches="876,884"/>
						<line number="876" hits="0"/>
						<line number="877" hits="0"/>
						<line number="881" hits="0"/>
						<line number="884" hits="0"/>
						<line number="889" hits="0"/>
						<line number="897" hits="0"/>
						<line number="898" hits="0"/>
						<line number="912" hits="1"/>
						<line number="918" hits="1"/>
						<line number="919" hits="1"/>
						<line number="928" hits="1"/>
						<line number="929" hits="1" branch="true" condition-coverage="50% (1/2)" missing-branches="930"/>
						<line number="930" hits="0"/>
						<line number="938" hits="1"/>
						<line number="941" hits="1" branch="true" condition-coverage="50% (1/2)" missing-branches="942"/>
						<line number="942" hits="0"/>
						<line number="950" hits="1"/>
						<line number="951" hits="1" branch="true" condition-coverage="50% (1/2)" missing-branches="952"/>
						<line number="952" hits="0"/>
						<line number="960" hits="1"/>
						<line number="961" hits="1"/>
						<line number="962" hits="1"/>
						<line number="966" hits="1"/>
						<line number="967" hits="1"/>
						<line number="969" hits="1" branch="true" condition-coverage="50% (1/2)" missing-branches="970"/>
						<line number="970" hits="0"/>
						<line number="971" hits="0"/>
						<line number="973" hits="0"/>
						<line number="977" hits="0"/>
						<line number="979" hits="0"/>
						<line number="980" hits="0" branch="true" condition-coverage="0% (0/2)" missing-branches="981,1030"/>
						<line number="981" hits="0"/>
						<line number="982" hits="0"/>
						<line number="984" hits="0"/>
						<line number="985" hits="0"/>
						<line number="989" hits="0"/>
						<line number="991" hits="0" branch="true" condition-coverage="0% (0/2)" missing-branches="980,992"/>
						<line number="992" hits="0"/>
						<line number="993" hits="1"/>
						<line number="994" hits="0"/>
						<line number="996" hits="0" branch="true" condition-coverage="0% (0/2)" missing-branches="997,998"/>
						<line number="997" hits="0"/>
						<line number="998" hits="0" branch="true" condition-coverage="0% (0/2)" missing-branches="999,1002"/>
						<line number="999" hits="0"/>
						<line number="1002" hits="0" branch="true" condition-coverage="0% (0/2)" missing-branches="980,1003"/>
						<line number="1003" hits="0"/>
						<line number="1004" hits="1"/>
						<line number="1010" hits="0"/>
						<line number="1011" hits="0"/>
						<line number="1012" hits="0"/>
						<line number="1013" hits="0"/>
						<line number="1014" hits="0"/>
						<line number="1015" hits="0"/>
						<line number="1016" hits="1"/>
						<line number="1017" hits="0"/>
						<line number="1019" hits="0"/>
						<line number="1020" hits="0"/>
						<line number="1025" hits="0"/>
						<line number="1026" hits="0"/>
						<line number="1027" hits="0"/>
						<line number="1030" hits="0" branch="true" condition-coverage="0% (0/2)" missing-branches="1031,1039"/>
						<line number="1031" hits="0"/>
						<line number="1032" hits="1"/>
						<line number="1036" hits="0"/>
						<line number="1039" hits="1"/>
						<line number="1043" hits="1"/>
						<line number="1045" hits="1"/>
						<line number="1046" hits="1"/>
					</lines>
				</class>
				<class name="scheduling.py" filename="workflows/scheduling.py" complexity="0" line-rate="0.5909" branch-rate="0.4667">
					<methods/>
					<lines>
						<line number="11" hits="1"/>
						<line number="13" hits="1"/>
						<line number="14" hits="1"/>
						<line number="15" hits="1"/>
						<line number="17" hits="1"/>
						<line number="19" hits="1"/>
						<line number="20" hits="1"/>
						<line number="35" hits="1"/>
						<line number="41" hits="1"/>
						<line number="42" hits="1"/>
						<line number="48" hits="0"/>
						<line number="49" hits="0"/>
						<line number="50" hits="0"/>
						<line number="52" hits="0"/>
						<line number="53" hits="0"/>
						<line number="59" hits="0" branch="true" condition-coverage="0% (0/2)" missing-branches="60,66"/>
						<line number="60" hits="0"/>
						<line number="66" hits="0"/>
						<line number="78" hits="1"/>
						<line number="79" hits="1"/>
						<line number="85" hits="0"/>
						<line number="86" hits="0"/>
						<line number="87" hits="0"/>
						<line number="89" hits="0"/>
						<line number="91" hits="0"/>
						<line number="92" hits="0"/>
						<line number="94" hits="0"/>
						<line number="96" hits="0"/>
						<line number="97" hits="0"/>
						<line number="103" hits="0"/>
						<line number="104" hits="0"/>
						<line number="105" hits="0"/>
						<line number="106" hits="0"/>
						<line number="109" hits="0"/>
						<line number="110" hits="0"/>
						<line number="111" hits="0"/>
						<line number="112" hits="0"/>
						<line number="122" hits="0"/>
						<line number="137" hits="0"/>
						<line number="138" hits="0"/>
						<line number="144" hits="1"/>
						<line number="145" hits="1"/>
						<line number="153" hits="1"/>
						<line number="154" hits="1"/>
						<line number="155" hits="1"/>
						<line number="156" hits="1"/>
						<line number="157" hits="1"/>
						<line number="158" hits="1"/>
						<line number="159" hits="1"/>
						<line number="160" hits="1"/>
						<line number="162" hits="1"/>
						<line number="164" hits="1"/>
						<line number="165" hits="1"/>
						<line number="166" hits="1"/>
						<line number="168" hits="1"/>
						<line number="169" hits="1"/>
						<line number="170" hits="1"/>
						<line number="172" hits="1"/>
						<line number="175" hits="1"/>
						<line number="176" hits="1" branch="true" condition-coverage="50% (1/2)" missing-branches="181"/>
						<line number="177" hits="1"/>
						<line number="178" hits="1"/>
						<line number="179" hits="1"/>
						<line number="181" hits="0"/>
						<line number="184" hits="1"/>
						<line number="185" hits="1"/>
						<line number="187" hits="1"/>
						<line number="188" hits="1" branch="true" condition-coverage="50% (1/2)" missing-branches="191"/>
						<line number="189" hits="1"/>
						<line number="191" hits="1"/>
						<line number="194" hits="1"/>
						<line number="196" hits="1"/>
						<line number="200" hits="1" branch="true" condition-coverage="100% (2/2)"/>
						<line number="201" hits="1"/>
						<line number="214" hits="1"/>
						<line number="217" hits="1"/>
						<line number="218" hits="1"/>
						<line number="219" hits="1" branch="true" condition-coverage="50% (1/2)" missing-branches="222"/>
						<line number="220" hits="1"/>
						<line number="221" hits="1"/>
						<line number="222" hits="0" branch="true" condition-coverage="0% (0/2)" missing-branches="223,226"/>
						<line number="223" hits="0"/>
						<line number="226" hits="1"/>
						<line number="227" hits="1" branch="true" condition-coverage="50% (1/2)" missing-branches="235"/>
						<line number="228" hits="1"/>
						<line number="229" hits="1"/>
						<line number="232" hits="0"/>
						<line number="233" hits="0"/>
						<line number="235" hits="1"/>
						<line number="236" hits="1" branch="true" condition-coverage="50% (1/2)" missing-branches="245"/>
						<line number="237" hits="1"/>
						<line number="238" hits="1"/>
						<line number="241" hits="0"/>
						<line number="242" hits="0"/>
						<line number="245" hits="1" branch="true" condition-coverage="50% (1/2)" missing-branches="263"/>
						<line number="246" hits="1"/>
						<line number="247" hits="1"/>
						<line number="248" hits="1" branch="true" condition-coverage="100% (2/2)"/>
						<line number="249" hits="1"/>
						<line number="250" hits="1"/>
						<line number="260" hits="0"/>
						<line number="261" hits="0"/>
						<line number="263" hits="1"/>
						<line number="264" hits="0"/>
						<line number="265" hits="0"/>
						<line number="266" hits="0"/>
						<line number="268" hits="1" branch="true" condition-coverage="50% (1/2)" missing-branches="269"/>
						<line number="269" hits="0"/>
						<line number="271" hits="1"/>
						<line number="280" hits="1"/>
						<line number="281" hits="1"/>
						<line number="287" hits="1"/>
						<line number="288" hits="1"/>
						<line number="289" hits="0"/>
						<line number="290" hits="0"/>
						<line number="291" hits="0"/>
						<line number="294" hits="0"/>
						<line number="305" hits="0" branch="true" condition-coverage="0% (0/2)" missing-branches="306,314"/>
						<line number="306" hits="0"/>
						<line number="314" hits="0"/>
						<line number="324" hits="0" branch="true" condition-coverage="0% (0/2)" missing-branches="325,332"/>
						<line number="325" hits="0"/>
						<line number="332" hits="0"/>
						<line number="333" hits="0"/>
						<line number="334" hits="0"/>
						<line number="335" hits="0"/>
						<line number="336" hits="0"/>
						<line number="339" hits="0"/>
						<line number="356" hits="0"/>
						<line number="370" hits="1"/>
						<line number="376" hits="1"/>
						<line number="377" hits="1"/>
						<line number="379" hits="1"/>
						<line number="380" hits="1"/>
						<line number="382" hits="1"/>
						<line number="384" hits="1"/>
						<line number="385" hits="1"/>
						<line number="391" hits="1"/>
						<line number="392" hits="1"/>
						<line number="393" hits="1"/>
						<line number="394" hits="1"/>
						<line number="397" hits="1"/>
						<line number="398" hits="1"/>
						<line number="399" hits="1" branch="true" condition-coverage="100% (2/2)"/>
						<line number="400" hits="1" branch="true" condition-coverage="50% (1/2)" missing-branches="403"/>
						<line number="401" hits="1"/>
						<line number="403" hits="0"/>
						<line number="410" hits="1"/>
						<line number="419" hits="0"/>
						<line number="420" hits="0"/>
						<line number="421" hits="0"/>
						<line number="432" hits="1"/>
						<line number="441" hits="0"/>
						<line number="442" hits="0"/>
					</lines>
				</class>
				<class name="worker.py" filename="workflows/worker.py" complexity="0" line-rate="0.8919" branch-rate="0.75">
					<methods/>
					<lines>
						<line number="13" hits="1"/>
						<line number="15" hits="1"/>
						<line number="16" hits="1"/>
						<line number="17" hits="1"/>
						<line number="18" hits="1"/>
						<line number="19" hits="1"/>
						<line number="21" hits="1"/>
						<line number="22" hits="1"/>
						<line number="24" hits="1"/>
						<line number="25" hits="1"/>
						<line number="27" hits="1"/>
						<line number="30" hits="1"/>
						<line number="31" hits="1"/>
						<line number="34" hits="1"/>
						<line number="36" hits="1" branch="true" condition-coverage="50% (1/2)" missing-branches="38"/>
						<line number="37" hits="1"/>
						<line number="38" hits="1"/>
						<line number="41" hits="1"/>
						<line number="43" hits="1" branch="true" condition-coverage="100% (2/2)"/>
						<line number="44" hits="1"/>
						<line number="45" hits="1"/>
						<line number="48" hits="1"/>
						<line number="50" hits="1"/>
						<line number="53" hits="1"/>
						<line number="55" hits="1"/>
						<line number="60" hits="1"/>
						<line number="71" hits="1"/>
						<line number="72" hits="1"/>
						<line number="73" hits="1"/>
						<line number="74" hits="1"/>
						<line number="75" hits="1"/>
						<line number="76" hits="1"/>
						<line number="77" hits="1"/>
						<line number="78" hits="1"/>
						<line number="82" hits="1"/>
						<line number="89" hits="1"/>
						<line number="90" hits="1"/>
						<line number="91" hits="1"/>
						<line number="92" hits="1"/>
						<line number="97" hits="1"/>
						<line number="104" hits="1"/>
						<line number="105" hits="1"/>
						<line number="106" hits="1"/>
						<line number="107" hits="1"/>
						<line number="112" hits="1"/>
						<line number="123" hits="1"/>
						<line number="124" hits="1"/>
						<line number="125" hits="1"/>
						<line number="126" hits="1"/>
						<line number="127" hits="1"/>
						<line number="128" hits="1"/>
						<line number="129" hits="1"/>
						<line number="130" hits="1"/>
						<line number="135" hits="1"/>
						<line number="145" hits="1"/>
						<line number="146" hits="1"/>
						<line number="147" hits="1"/>
						<line number="148" hits="1"/>
						<line number="149" hits="1"/>
						<line number="150" hits="1"/>
						<line number="151" hits="1"/>
						<line number="156" hits="1"/>
						<line number="165" hits="1"/>
						<line number="166" hits="1"/>
						<line number="167" hits="1"/>
						<line number="168" hits="1"/>
						<line number="169" hits="1"/>
						<line number="170" hits="1"/>
						<line number="175" hits="1"/>
						<line number="182" hits="1"/>
						<line number="183" hits="1"/>
						<line number="184" hits="1"/>
						<line number="185" hits="1"/>
						<line number="191" hits="1"/>
						<line number="212" hits="1"/>
						<line number="213" hits="1"/>
						<line number="215" hits="1" branch="true" condition-coverage="50% (1/2)" missing-branches="216"/>
						<line number="216" hits="0"/>
						<line number="218" hits="1"/>
						<line number="219" hits="1"/>
						<line number="221" hits="1"/>
						<line number="228" hits="1"/>
						<line number="234" hits="1"/>
						<line number="237" hits="1"/>
						<line number="249" hits="1"/>
						<line number="250" hits="1"/>
						<line number="252" hits="1"/>
						<line number="257" hits="1"/>
						<line number="258" hits="1"/>
						<line number="263" hits="1"/>
						<line number="266" hits="1"/>
						<line number="268" hits="1"/>
						<line number="269" hits="0"/>
						<line number="270" hits="0"/>
						<line number="272" hits="1"/>
						<line number="273" hits="1" branch="true" condition-coverage="100% (2/2)"/>
						<line number="274" hits="1"/>
						<line number="275" hits="1"/>
						<line number="276" hits="0"/>
						<line number="277" hits="0"/>
						<line number="280" hits="1"/>
						<line number="281" hits="1"/>
						<line number="283" hits="1"/>
						<line number="289" hits="1"/>
						<line number="291" hits="0"/>
						<line number="295" hits="0"/>
						<line number="297" hits="0"/>
						<line number="298" hits="0"/>
						<line number="299" hits="0"/>
						<line number="300" hits="0"/>
						<line number="301" hits="0"/>
					</lines>
				</class>
			</classes>
		</package>
	</packages>
</coverage>
